<?xml version="1.0" encoding="UTF-8"?>
<!-- Generated by org.testng.reporters.JUnitXMLReporter -->
<testsuite hostname="Tolexo" name="Test" tests="2" failures="0" timestamp="19 Apr 2020 09:24:19 GMT" time="0.087" errors="0">
  <testcase name="@BeforeClass OpenHomePage" time="0.0" classname="com.pooraa.merapooraa.OrderPlace">
    <failure type="org.testng.TestNGException" message="
Parameter &amp;apos;URL&amp;apos; is required by @Configuration on method OpenHomePage but has not been marked @Optional or defined
in C:\Users\ankit-trivedi\bhageera\pooraa\testng.xml">
      <![CDATA[org.testng.TestNGException: 
Parameter 'URL' is required by @Configuration on method OpenHomePage but has not been marked @Optional or defined
in C:\Users\ankit-trivedi\bhageera\pooraa\testng.xml
... Removed 21 stack frames]]>
    </failure>
  </testcase> <!-- @BeforeClass OpenHomePage -->
  <testcase name="@BeforeMethod BeforeMethod" time="0.0" classname="com.pooraa.merapooraa.OrderPlace">
    <skipped/>
  </testcase> <!-- @BeforeMethod BeforeMethod -->
  <testcase name="@AfterClass CloseCurrentSession" time="0.0" classname="com.pooraa.merapooraa.OrderPlace">
    <skipped/>
  </testcase> <!-- @AfterClass CloseCurrentSession -->
  <testcase name="VerifyMeraPooraaURL" time="0.002" classname="com.pooraa.merapooraa.OrderPlace">
    <skipped/>
  </testcase> <!-- VerifyMeraPooraaURL -->
  <testcase name="FillLoginPage" time="0.014" classname="com.pooraa.merapooraa.OrderPlace">
    <skipped/>
  </testcase> <!-- FillLoginPage -->
</testsuite> <!-- Test -->
