<?xml version="1.0" encoding="UTF-8"?>
<testng-results skipped="0" failed="1" total="1" passed="0">
  <reporter-output>
  </reporter-output>
  <suite name="MeraPooraa" duration-ms="10330" started-at="2020-04-19T10:00:20Z" finished-at="2020-04-19T10:00:31Z">
    <groups>
    </groups>
    <test name="MeraPooraaOrderPlace" duration-ms="10330" started-at="2020-04-19T10:00:20Z" finished-at="2020-04-19T10:00:31Z">
      <class name="com.pooraa.merapooraa.OrderPlace">
        <test-method status="PASS" signature="OpenHomePage(java.lang.String, java.lang.String)[pri:0, instance:com.pooraa.merapooraa.OrderPlace@f2f2cc1]" name="OpenHomePage" is-config="true" duration-ms="9971" started-at="2020-04-19T15:30:20Z" finished-at="2020-04-19T15:30:30Z">
          <params>
            <param index="0">
              <value>
                <![CDATA[https://mera.pooraa.com/]]>
              </value>
            </param>
            <param index="1">
              <value>
                <![CDATA[Chrome]]>
              </value>
            </param>
          </params>
          <reporter-output>
          </reporter-output>
        </test-method> <!-- OpenHomePage -->
        <test-method status="PASS" signature="BeforeMethod()[pri:0, instance:com.pooraa.merapooraa.OrderPlace@f2f2cc1]" name="BeforeMethod" is-config="true" duration-ms="6" started-at="2020-04-19T15:30:30Z" finished-at="2020-04-19T15:30:30Z">
          <reporter-output>
          </reporter-output>
        </test-method> <!-- BeforeMethod -->
        <test-method status="FAIL" signature="FillLoginPage()[pri:0, instance:com.pooraa.merapooraa.OrderPlace@f2f2cc1]" name="FillLoginPage" duration-ms="309" started-at="2020-04-19T15:30:30Z" finished-at="2020-04-19T15:30:31Z">
          <exception class="java.io.FileNotFoundException">
            <message>
              <![CDATA[XlsxDatamerapooraa.xlsx (The system cannot find the file specified)]]>
            </message>
            <full-stacktrace>
              <![CDATA[java.io.FileNotFoundException: XlsxDatamerapooraa.xlsx (The system cannot find the file specified)
	at java.io.FileInputStream.open0(Native Method)
	at java.io.FileInputStream.open(Unknown Source)
	at java.io.FileInputStream.<init>(Unknown Source)
	at java.io.FileInputStream.<init>(Unknown Source)
	at utility.GetCellDataFromXlsx.GetCellData(GetCellDataFromXlsx.java:26)
	at com.pooraa.merapooraa.LoginPage.RedirectionToCatalogPage(LoginPage.java:22)
	at com.pooraa.merapooraa.OrderPlace.FillLoginPage(OrderPlace.java:58)
	at sun.reflect.NativeMethodAccessorImpl.invoke0(Native Method)
	at sun.reflect.NativeMethodAccessorImpl.invoke(Unknown Source)
	at sun.reflect.DelegatingMethodAccessorImpl.invoke(Unknown Source)
	at java.lang.reflect.Method.invoke(Unknown Source)
	at org.testng.internal.MethodInvocationHelper.invokeMethod(MethodInvocationHelper.java:80)
	at org.testng.internal.Invoker.invokeMethod(Invoker.java:714)
	at org.testng.internal.Invoker.invokeTestMethod(Invoker.java:901)
	at org.testng.internal.Invoker.invokeTestMethods(Invoker.java:1231)
	at org.testng.internal.TestMethodWorker.invokeTestMethods(TestMethodWorker.java:127)
	at org.testng.internal.TestMethodWorker.run(TestMethodWorker.java:111)
	at org.testng.TestRunner.privateRun(TestRunner.java:767)
	at org.testng.TestRunner.run(TestRunner.java:617)
	at org.testng.SuiteRunner.runTest(SuiteRunner.java:334)
	at org.testng.SuiteRunner.runSequentially(SuiteRunner.java:329)
	at org.testng.SuiteRunner.privateRun(SuiteRunner.java:291)
	at org.testng.SuiteRunner.run(SuiteRunner.java:240)
	at org.testng.SuiteRunnerWorker.runSuite(SuiteRunnerWorker.java:52)
	at org.testng.SuiteRunnerWorker.run(SuiteRunnerWorker.java:86)
	at org.testng.TestNG.runSuitesSequentially(TestNG.java:1198)
	at org.testng.TestNG.runSuitesLocally(TestNG.java:1123)
	at org.testng.TestNG.run(TestNG.java:1031)
	at org.testng.remote.AbstractRemoteTestNG.run(AbstractRemoteTestNG.java:115)
	at org.testng.remote.RemoteTestNG.initAndRun(RemoteTestNG.java:251)
	at org.testng.remote.RemoteTestNG.main(RemoteTestNG.java:77)
]]>
            </full-stacktrace>
          </exception> <!-- java.io.FileNotFoundException -->
          <reporter-output>
          </reporter-output>
        </test-method> <!-- FillLoginPage -->
        <test-method status="PASS" signature="CloseCurrentSession()[pri:0, instance:com.pooraa.merapooraa.OrderPlace@f2f2cc1]" name="CloseCurrentSession" is-config="true" duration-ms="1" started-at="2020-04-19T15:30:31Z" finished-at="2020-04-19T15:30:31Z">
          <reporter-output>
          </reporter-output>
        </test-method> <!-- CloseCurrentSession -->
      </class> <!-- com.pooraa.merapooraa.OrderPlace -->
    </test> <!-- MeraPooraaOrderPlace -->
  </suite> <!-- MeraPooraa -->
</testng-results>
